<?xml version="1.0" encoding="UTF-8"?>
<!-- Generated by org.testng.reporters.JUnitXMLReporter -->
<testsuite ignored="0" hostname="SP-JBGABRIEL_L1" failures="0" tests="5" name="Default test" time="90.223" errors="0" timestamp="2025-08-05T13:55:35 CST">
  <testcase classname="testcase.MV" name="SearchByPlateNumber" time="16.527"/>
  <testcase classname="testcase.MV" name="SearchByEngineNumber" time="16.151"/>
  <testcase classname="testcase.MV" name="SearchByChassisNumber" time="16.124"/>
  <testcase classname="testcase.MV" name="SearchByEngineAndChassisNumber" time="13.211"/>
  <testcase classname="testcase.MV" name="SearchByMVFileNumber" time="16.091"/>
</testsuite> <!-- Default test -->
