<?xml version="1.0" encoding="UTF-8"?>
<testng-results ignored="0" total="0" passed="0" failed="0" skipped="0">
  <reporter-output>
  </reporter-output>
  <suite started-at="2025-07-30T19:21:27 CST" name="Surefire suite" finished-at="2025-07-30T19:21:31 CST" duration-ms="4223">
    <groups>
    </groups>
    <test started-at="2025-07-30T19:21:27 CST" name="Surefire test" finished-at="2025-07-30T19:21:31 CST" duration-ms="4223">
      <class name="base.BaseTest">
        <test-method is-config="true" signature="setUpReport()[pri:0, instance:base.BaseTest@be64738]" started-at="2025-07-30T19:21:26 CST" name="setUpReport" finished-at="2025-07-30T19:21:27 CST" duration-ms="323" status="PASS">
          <reporter-output>
          </reporter-output>
        </test-method> <!-- setUpReport -->
        <test-method is-config="true" signature="setup()[pri:0, instance:base.BaseTest@be64738]" started-at="2025-07-30T19:21:27 CST" name="setup" finished-at="2025-07-30T19:21:31 CST" duration-ms="4053" status="PASS">
          <reporter-output>
          </reporter-output>
        </test-method> <!-- setup -->
        <test-method is-config="true" signature="tearDown()[pri:0, instance:base.BaseTest@be64738]" started-at="2025-07-30T19:21:31 CST" name="tearDown" finished-at="2025-07-30T19:21:31 CST" duration-ms="157" status="PASS">
          <reporter-output>
          </reporter-output>
        </test-method> <!-- tearDown -->
        <test-method is-config="true" signature="tearDownReport()[pri:0, instance:base.BaseTest@be64738]" started-at="2025-07-30T19:21:31 CST" name="tearDownReport" finished-at="2025-07-30T19:21:31 CST" duration-ms="505" status="PASS">
          <reporter-output>
          </reporter-output>
        </test-method> <!-- tearDownReport -->
      </class> <!-- base.BaseTest -->
    </test> <!-- Surefire test -->
  </suite> <!-- Surefire suite -->
</testng-results>
