<?xml version="1.0" encoding="UTF-8"?>
<testng-results ignored="0" total="5" passed="5" failed="0" skipped="0">
  <reporter-output>
  </reporter-output>
  <suite started-at="2025-08-05T13:54:05 CST" name="Default suite" finished-at="2025-08-05T13:55:35 CST" duration-ms="90223">
    <groups>
    </groups>
    <test started-at="2025-08-05T13:54:05 CST" name="Default test" finished-at="2025-08-05T13:55:35 CST" duration-ms="90223">
      <class name="testcase.MV">
        <test-method is-config="true" signature="setUpReport()[pri:0, instance:testcase.MV@2002fc1d]" started-at="2025-08-05T13:54:05 CST" name="setUpReport" finished-at="2025-08-05T13:54:05 CST" duration-ms="231" status="PASS">
          <reporter-output>
          </reporter-output>
        </test-method> <!-- setUpReport -->
        <test-method is-config="true" signature="registerTestAndSetup(java.lang.reflect.Method)[pri:0, instance:testcase.MV@2002fc1d]" started-at="2025-08-05T13:54:06 CST" name="registerTestAndSetup" finished-at="2025-08-05T13:54:08 CST" duration-ms="2104" status="PASS">
          <params>
            <param index="0">
              <value>
                <![CDATA[public void testcase.MV.SearchByPlateNumber(java.lang.String,java.lang.String,java.lang.String,java.lang.String,java.lang.String) throws java.lang.InterruptedException,java.io.IOException]]>
              </value>
            </param>
          </params>
          <reporter-output>
          </reporter-output>
        </test-method> <!-- registerTestAndSetup -->
        <test-method signature="SearchByPlateNumber(java.lang.String,java.lang.String,java.lang.String,java.lang.String,java.lang.String)[pri:1, instance:testcase.MV@2002fc1d]" started-at="2025-08-05T13:54:08 CST" name="SearchByPlateNumber" data-provider="xlsTestData" finished-at="2025-08-05T13:54:25 CST" duration-ms="16527" status="PASS">
          <params>
            <param index="0">
              <value>
                <![CDATA[jbgabriel@sqacm]]>
              </value>
            </param>
            <param index="1">
              <value>
                <![CDATA[P@ssw0rd*]]>
              </value>
            </param>
            <param index="2">
              <value>
                <![CDATA[RVC4023]]>
              </value>
            </param>
            <param index="3">
              <value>
                <![CDATA[JOSEPH M GELACIO]]>
              </value>
            </param>
            <param index="4">
              <value>
                <![CDATA[7/7/1977]]>
              </value>
            </param>
          </params>
          <reporter-output>
          </reporter-output>
        </test-method> <!-- SearchByPlateNumber -->
        <test-method is-config="true" signature="logResultAndTearDown(org.testng.ITestResult)[pri:0, instance:testcase.MV@2002fc1d]" started-at="2025-08-05T13:54:25 CST" name="logResultAndTearDown" finished-at="2025-08-05T13:54:25 CST" duration-ms="245" status="PASS">
          <params>
            <param index="0">
              <value>
                <![CDATA[[TestResult name=SearchByPlateNumber status=SUCCESS method=MV.SearchByPlateNumber(java.lang.String,java.lang.String,java.lang.String,java.lang.String,java.lang.String)[pri:1, instance:testcase.MV@2002fc1d] output={null}]]]>
              </value>
            </param>
          </params>
          <reporter-output>
          </reporter-output>
        </test-method> <!-- logResultAndTearDown -->
        <test-method is-config="true" signature="registerTestAndSetup(java.lang.reflect.Method)[pri:0, instance:testcase.MV@2002fc1d]" started-at="2025-08-05T13:54:25 CST" name="registerTestAndSetup" finished-at="2025-08-05T13:54:28 CST" duration-ms="3192" status="PASS">
          <params>
            <param index="0">
              <value>
                <![CDATA[public void testcase.MV.SearchByEngineNumber(java.lang.String,java.lang.String,java.lang.String,java.lang.String,java.lang.String) throws java.lang.InterruptedException,java.io.IOException]]>
              </value>
            </param>
          </params>
          <reporter-output>
          </reporter-output>
        </test-method> <!-- registerTestAndSetup -->
        <test-method signature="SearchByEngineNumber(java.lang.String,java.lang.String,java.lang.String,java.lang.String,java.lang.String)[pri:2, instance:testcase.MV@2002fc1d]" started-at="2025-08-05T13:54:28 CST" name="SearchByEngineNumber" data-provider="xlsTestData" finished-at="2025-08-05T13:54:44 CST" duration-ms="16151" status="PASS">
          <params>
            <param index="0">
              <value>
                <![CDATA[jbgabriel@sqacm]]>
              </value>
            </param>
            <param index="1">
              <value>
                <![CDATA[P@ssw0rd*]]>
              </value>
            </param>
            <param index="2">
              <value>
                <![CDATA[ENG-TESTING101-0023]]>
              </value>
            </param>
            <param index="3">
              <value>
                <![CDATA[JOSEPH M GELACIO]]>
              </value>
            </param>
            <param index="4">
              <value>
                <![CDATA[7/7/1977]]>
              </value>
            </param>
          </params>
          <reporter-output>
          </reporter-output>
        </test-method> <!-- SearchByEngineNumber -->
        <test-method is-config="true" signature="logResultAndTearDown(org.testng.ITestResult)[pri:0, instance:testcase.MV@2002fc1d]" started-at="2025-08-05T13:54:44 CST" name="logResultAndTearDown" finished-at="2025-08-05T13:54:44 CST" duration-ms="217" status="PASS">
          <params>
            <param index="0">
              <value>
                <![CDATA[[TestResult name=SearchByEngineNumber status=SUCCESS method=MV.SearchByEngineNumber(java.lang.String,java.lang.String,java.lang.String,java.lang.String,java.lang.String)[pri:2, instance:testcase.MV@2002fc1d] output={null}]]]>
              </value>
            </param>
          </params>
          <reporter-output>
          </reporter-output>
        </test-method> <!-- logResultAndTearDown -->
        <test-method is-config="true" signature="registerTestAndSetup(java.lang.reflect.Method)[pri:0, instance:testcase.MV@2002fc1d]" started-at="2025-08-05T13:54:45 CST" name="registerTestAndSetup" finished-at="2025-08-05T13:54:46 CST" duration-ms="1388" status="PASS">
          <params>
            <param index="0">
              <value>
                <![CDATA[public void testcase.MV.SearchByChassisNumber(java.lang.String,java.lang.String,java.lang.String,java.lang.String,java.lang.String) throws java.lang.InterruptedException,java.io.IOException]]>
              </value>
            </param>
          </params>
          <reporter-output>
          </reporter-output>
        </test-method> <!-- registerTestAndSetup -->
        <test-method signature="SearchByChassisNumber(java.lang.String,java.lang.String,java.lang.String,java.lang.String,java.lang.String)[pri:3, instance:testcase.MV@2002fc1d]" started-at="2025-08-05T13:54:46 CST" name="SearchByChassisNumber" data-provider="xlsTestData" finished-at="2025-08-05T13:55:02 CST" duration-ms="16124" status="PASS">
          <params>
            <param index="0">
              <value>
                <![CDATA[jbgabriel@sqacm]]>
              </value>
            </param>
            <param index="1">
              <value>
                <![CDATA[P@ssw0rd*]]>
              </value>
            </param>
            <param index="2">
              <value>
                <![CDATA[CHA-TESTING101-0023]]>
              </value>
            </param>
            <param index="3">
              <value>
                <![CDATA[JOSEPH M GELACIO]]>
              </value>
            </param>
            <param index="4">
              <value>
                <![CDATA[7/7/1977]]>
              </value>
            </param>
          </params>
          <reporter-output>
          </reporter-output>
        </test-method> <!-- SearchByChassisNumber -->
        <test-method is-config="true" signature="logResultAndTearDown(org.testng.ITestResult)[pri:0, instance:testcase.MV@2002fc1d]" started-at="2025-08-05T13:55:02 CST" name="logResultAndTearDown" finished-at="2025-08-05T13:55:02 CST" duration-ms="188" status="PASS">
          <params>
            <param index="0">
              <value>
                <![CDATA[[TestResult name=SearchByChassisNumber status=SUCCESS method=MV.SearchByChassisNumber(java.lang.String,java.lang.String,java.lang.String,java.lang.String,java.lang.String)[pri:3, instance:testcase.MV@2002fc1d] output={null}]]]>
              </value>
            </param>
          </params>
          <reporter-output>
          </reporter-output>
        </test-method> <!-- logResultAndTearDown -->
        <test-method is-config="true" signature="registerTestAndSetup(java.lang.reflect.Method)[pri:0, instance:testcase.MV@2002fc1d]" started-at="2025-08-05T13:55:02 CST" name="registerTestAndSetup" finished-at="2025-08-05T13:55:04 CST" duration-ms="1539" status="PASS">
          <params>
            <param index="0">
              <value>
                <![CDATA[public void testcase.MV.SearchByEngineAndChassisNumber(java.lang.String,java.lang.String,java.lang.String,java.lang.String,java.lang.String,java.lang.String) throws java.lang.InterruptedException,java.io.IOException]]>
              </value>
            </param>
          </params>
          <reporter-output>
          </reporter-output>
        </test-method> <!-- registerTestAndSetup -->
        <test-method signature="SearchByEngineAndChassisNumber(java.lang.String,java.lang.String,java.lang.String,java.lang.String,java.lang.String,java.lang.String)[pri:4, instance:testcase.MV@2002fc1d]" started-at="2025-08-05T13:55:04 CST" name="SearchByEngineAndChassisNumber" data-provider="xlsTestData" finished-at="2025-08-05T13:55:17 CST" duration-ms="13211" status="PASS">
          <params>
            <param index="0">
              <value>
                <![CDATA[jbgabriel@sqacm]]>
              </value>
            </param>
            <param index="1">
              <value>
                <![CDATA[P@ssw0rd*]]>
              </value>
            </param>
            <param index="2">
              <value>
                <![CDATA[CHA-TESTING101-0023]]>
              </value>
            </param>
            <param index="3">
              <value>
                <![CDATA[ENG-TESTING101-0023]]>
              </value>
            </param>
            <param index="4">
              <value>
                <![CDATA[JOSEPH M GELACIO]]>
              </value>
            </param>
            <param index="5">
              <value>
                <![CDATA[7/7/1977]]>
              </value>
            </param>
          </params>
          <reporter-output>
          </reporter-output>
        </test-method> <!-- SearchByEngineAndChassisNumber -->
        <test-method is-config="true" signature="logResultAndTearDown(org.testng.ITestResult)[pri:0, instance:testcase.MV@2002fc1d]" started-at="2025-08-05T13:55:17 CST" name="logResultAndTearDown" finished-at="2025-08-05T13:55:17 CST" duration-ms="216" status="PASS">
          <params>
            <param index="0">
              <value>
                <![CDATA[[TestResult name=SearchByEngineAndChassisNumber status=SUCCESS method=MV.SearchByEngineAndChassisNumber(java.lang.String,java.lang.String,java.lang.String,java.lang.String,java.lang.String,java.lang.String)[pri:4, instance:testcase.MV@2002fc1d] output={null}]]]>
              </value>
            </param>
          </params>
          <reporter-output>
          </reporter-output>
        </test-method> <!-- logResultAndTearDown -->
        <test-method is-config="true" signature="registerTestAndSetup(java.lang.reflect.Method)[pri:0, instance:testcase.MV@2002fc1d]" started-at="2025-08-05T13:55:17 CST" name="registerTestAndSetup" finished-at="2025-08-05T13:55:19 CST" duration-ms="1465" status="PASS">
          <params>
            <param index="0">
              <value>
                <![CDATA[public void testcase.MV.SearchByMVFileNumber(java.lang.String,java.lang.String,java.lang.String,java.lang.String,java.lang.String) throws java.lang.InterruptedException,java.io.IOException]]>
              </value>
            </param>
          </params>
          <reporter-output>
          </reporter-output>
        </test-method> <!-- registerTestAndSetup -->
        <test-method signature="SearchByMVFileNumber(java.lang.String,java.lang.String,java.lang.String,java.lang.String,java.lang.String)[pri:5, instance:testcase.MV@2002fc1d]" started-at="2025-08-05T13:55:19 CST" name="SearchByMVFileNumber" data-provider="xlsTestData" finished-at="2025-08-05T13:55:35 CST" duration-ms="16091" status="PASS">
          <params>
            <param index="0">
              <value>
                <![CDATA[jbgabriel@sqacm]]>
              </value>
            </param>
            <param index="1">
              <value>
                <![CDATA[P@ssw0rd*]]>
              </value>
            </param>
            <param index="2">
              <value>
                <![CDATA[038500062515043]]>
              </value>
            </param>
            <param index="3">
              <value>
                <![CDATA[JOSEPH M GELACIO]]>
              </value>
            </param>
            <param index="4">
              <value>
                <![CDATA[7/7/1977]]>
              </value>
            </param>
          </params>
          <reporter-output>
          </reporter-output>
        </test-method> <!-- SearchByMVFileNumber -->
        <test-method is-config="true" signature="logResultAndTearDown(org.testng.ITestResult)[pri:0, instance:testcase.MV@2002fc1d]" started-at="2025-08-05T13:55:35 CST" name="logResultAndTearDown" finished-at="2025-08-05T13:55:35 CST" duration-ms="225" status="PASS">
          <params>
            <param index="0">
              <value>
                <![CDATA[[TestResult name=SearchByMVFileNumber status=SUCCESS method=MV.SearchByMVFileNumber(java.lang.String,java.lang.String,java.lang.String,java.lang.String,java.lang.String)[pri:5, instance:testcase.MV@2002fc1d] output={null}]]]>
              </value>
            </param>
          </params>
          <reporter-output>
          </reporter-output>
        </test-method> <!-- logResultAndTearDown -->
        <test-method is-config="true" signature="tearDownReport()[pri:0, instance:testcase.MV@2002fc1d]" started-at="2025-08-05T13:55:35 CST" name="tearDownReport" finished-at="2025-08-05T13:55:35 CST" duration-ms="287" status="PASS">
          <reporter-output>
          </reporter-output>
        </test-method> <!-- tearDownReport -->
      </class> <!-- testcase.MV -->
    </test> <!-- Default test -->
  </suite> <!-- Default suite -->
</testng-results>
