<?xml version="1.0" encoding="UTF-8"?>
<testng-results ignored="0" total="1" passed="1" failed="0" skipped="0">
  <reporter-output>
  </reporter-output>
  <suite started-at="2025-08-05T12:02:59 CST" name="Default suite" finished-at="2025-08-05T12:03:25 CST" duration-ms="26085">
    <groups>
    </groups>
    <test started-at="2025-08-05T12:02:59 CST" name="Default test" finished-at="2025-08-05T12:03:25 CST" duration-ms="26085">
      <class name="testcase.MV">
        <test-method is-config="true" signature="setUpReport()[pri:0, instance:testcase.MV@69453e37]" started-at="2025-08-05T12:02:59 CST" name="setUpReport" finished-at="2025-08-05T12:02:59 CST" duration-ms="233" status="PASS">
          <reporter-output>
          </reporter-output>
        </test-method> <!-- setUpReport -->
        <test-method is-config="true" signature="registerTestAndSetup(java.lang.reflect.Method)[pri:0, instance:testcase.MV@69453e37]" started-at="2025-08-05T12:03:00 CST" name="registerTestAndSetup" finished-at="2025-08-05T12:03:02 CST" duration-ms="2160" status="PASS">
          <params>
            <param index="0">
              <value>
                <![CDATA[public void testcase.MV.SearchByPlateNumber(java.lang.String,java.lang.String,java.lang.String,java.lang.String,java.lang.String) throws java.lang.InterruptedException,java.io.IOException]]>
              </value>
            </param>
          </params>
          <reporter-output>
          </reporter-output>
        </test-method> <!-- registerTestAndSetup -->
        <test-method signature="SearchByPlateNumber(java.lang.String,java.lang.String,java.lang.String,java.lang.String,java.lang.String)[pri:1, instance:testcase.MV@69453e37]" started-at="2025-08-05T12:03:02 CST" name="SearchByPlateNumber" data-provider="xlsTestData" finished-at="2025-08-05T12:03:25 CST" duration-ms="22668" status="PASS">
          <params>
            <param index="0">
              <value>
                <![CDATA[jbgabriel@sqacm]]>
              </value>
            </param>
            <param index="1">
              <value>
                <![CDATA[P@ssw0rd*]]>
              </value>
            </param>
            <param index="2">
              <value>
                <![CDATA[RVC4023]]>
              </value>
            </param>
            <param index="3">
              <value>
                <![CDATA[JOSEPH M GELACIO]]>
              </value>
            </param>
            <param index="4">
              <value>
                <![CDATA[7/7/1977]]>
              </value>
            </param>
          </params>
          <reporter-output>
          </reporter-output>
        </test-method> <!-- SearchByPlateNumber -->
        <test-method is-config="true" signature="logResultAndTearDown(org.testng.ITestResult)[pri:0, instance:testcase.MV@69453e37]" started-at="2025-08-05T12:03:25 CST" name="logResultAndTearDown" finished-at="2025-08-05T12:03:25 CST" duration-ms="232" status="PASS">
          <params>
            <param index="0">
              <value>
                <![CDATA[[TestResult name=SearchByPlateNumber status=SUCCESS method=MV.SearchByPlateNumber(java.lang.String,java.lang.String,java.lang.String,java.lang.String,java.lang.String)[pri:1, instance:testcase.MV@69453e37] output={null}]]]>
              </value>
            </param>
          </params>
          <reporter-output>
          </reporter-output>
        </test-method> <!-- logResultAndTearDown -->
        <test-method is-config="true" signature="tearDownReport()[pri:0, instance:testcase.MV@69453e37]" started-at="2025-08-05T12:03:25 CST" name="tearDownReport" finished-at="2025-08-05T12:03:25 CST" duration-ms="257" status="PASS">
          <reporter-output>
          </reporter-output>
        </test-method> <!-- tearDownReport -->
      </class> <!-- testcase.MV -->
    </test> <!-- Default test -->
  </suite> <!-- Default suite -->
</testng-results>
